0 verbose cli /usr/bin/node /usr/bin/npm
1 info using npm@9.2.0
2 info using node@v18.19.1
3 timing npm:load:whichnode Completed in 0ms
4 timing config:load:defaults Completed in 2ms
5 timing config:load:file:/usr/share/nodejs/npm/npmrc Completed in 7ms
6 timing config:load:builtin Completed in 7ms
7 timing config:load:cli Completed in 2ms
8 timing config:load:env Completed in 0ms
9 timing config:load:file:/opt/fullstack/client/.npmrc Completed in 1ms
10 timing config:load:project Completed in 2ms
11 timing config:load:file:/opt/fullstack/.npmrc Completed in 0ms
12 timing config:load:user Completed in 1ms
13 timing config:load:file:/etc/npmrc Completed in 0ms
14 timing config:load:global Completed in 0ms
15 timing config:load:setEnvs Completed in 1ms
16 timing config:load Completed in 15ms
17 timing npm:load:configload Completed in 15ms
18 timing npm:load:mkdirpcache Completed in 1ms
19 timing npm:load:mkdirplogs Completed in 0ms
20 verbose title npm run build
21 verbose argv "run" "build"
22 timing npm:load:setTitle Completed in 2ms
23 timing config:load:flatten Completed in 3ms
24 timing npm:load:display Completed in 4ms
25 verbose logfile logs-max:10 dir:/opt/fullstack/.npm/_logs/2025-06-17T09_55_28_206Z-
26 verbose logfile /opt/fullstack/.npm/_logs/2025-06-17T09_55_28_206Z-debug-0.log
27 timing npm:load:logFile Completed in 9ms
28 timing npm:load:timers Completed in 0ms
29 timing npm:load:configScope Completed in 0ms
30 timing npm:load Completed in 32ms
31 timing config:load:flatten Completed in 0ms
32 silly logfile done cleaning log files
33 timing command:run Completed in 2667ms
34 verbose exit 1
35 timing npm Completed in 2717ms
36 verbose code 1
